<component name="libraryTable">
  <library name="junit:junit:5.0-SNAPSHOT" type="repository">
    <properties maven-id="junit:junit:LATEST">
      <exclude>
        <dependency maven-id="junit:junit" />
        <dependency maven-id="org.hamcrest:hamcrest-core" />
      </exclude>
    </properties>
    <CLASSES />
    <JAVADOC />
    <SOURCES />
  </library>
</component>